camerarecorder/build/intermediates/manifest_merge_blame_file/debug/manifest-merger-blame-debug-report.txt
1<?xml version="1.0" encoding="utf-8"?>
2<manifest xmlns:android="http://schemas.android.com/apk/res/android"
3    package="com.daasuu.camerarecorder"
4    android:versionCode="1"
5    android:versionName="0.1.5" >
6
7    <uses-sdk
8        android:minSdkVersion="21"
8-->src\main\AndroidManifest.xml
9        android:targetSdkVersion="28" />
9-->src\main\AndroidManifest.xml
10
11    <uses-feature android:name="android.hardware.camera" />
11-->src\main\AndroidManifest.xml:4:5-60
11-->src\main\AndroidManifest.xml:4:19-57
12    <uses-feature android:name="android.hardware.camera.autofocus" />
12-->src\main\AndroidManifest.xml:5:5-70
12-->src\main\AndroidManifest.xml:5:19-67
13
14    <uses-permission android:name="android.permission.CAMERA" />
14-->src\main\AndroidManifest.xml:6:5-65
14-->src\main\AndroidManifest.xml:6:22-62
15    <uses-permission android:name="android.permission.WRITE_EXTERNAL_STORAGE" />
15-->src\main\AndroidManifest.xml:7:5-81
15-->src\main\AndroidManifest.xml:7:22-78
16    <uses-permission android:name="android.permission.RECORD_AUDIO" />
16-->src\main\AndroidManifest.xml:8:5-71
16-->src\main\AndroidManifest.xml:8:22-68
17
18    <application
18-->src\main\AndroidManifest.xml:9:5-25:19
19        android:allowBackup="true"
19-->src\main\AndroidManifest.xml:10:9-35
20        android:label="@string/app_name"
20-->src\main\AndroidManifest.xml:11:9-41
21        android:supportsRtl="true"
21-->src\main\AndroidManifest.xml:12:9-35
22        android:theme="@style/AppTheme" >
22-->src\main\AndroidManifest.xml:13:9-40
23        <activity
23-->src\main\AndroidManifest.xml:14:9-17:20
24            android:name="com.daasuu.camerarecorder.CameraMainActivity"
24-->src\main\AndroidManifest.xml:15:13-72
25            android:screenOrientation="portrait" >
25-->src\main\AndroidManifest.xml:16:13-49
26        </activity>
27        <activity
27-->src\main\AndroidManifest.xml:18:9-20:51
28            android:name="com.daasuu.camerarecorder.PortrateActivity"
28-->src\main\AndroidManifest.xml:19:13-70
29            android:screenOrientation="portrait" />
29-->src\main\AndroidManifest.xml:20:13-49
30        <activity android:name="com.daasuu.camerarecorder.SquareActivity" />
30-->src\main\AndroidManifest.xml:21:9-77
30-->src\main\AndroidManifest.xml:21:19-74
31        <activity
31-->src\main\AndroidManifest.xml:22:9-24:52
32            android:name="com.daasuu.camerarecorder.LandscapeActivity"
32-->src\main\AndroidManifest.xml:23:13-71
33            android:screenOrientation="portrait" />
33-->src\main\AndroidManifest.xml:24:13-49
34    </application>
35
36</manifest>